TN:
SF:src/resolvers.ts
FN:42,reduceSleepData
FN:59,mergeSleepData
FN:81,fetchSleepData
FN:108,fetchRunData
FN:124,sleepDuration
FN:125,runDistance
FNF:6
FNH:2
FNDA:1,reduceSleepData
FNDA:1,mergeSleepData
FNDA:0,fetchSleepData
FNDA:0,fetchRunData
FNDA:0,sleepDuration
FNDA:0,runDistance
DA:1,1
DA:2,1
DA:3,1
DA:4,1
DA:5,1
DA:6,1
DA:7,1
DA:8,1
DA:9,1
DA:10,1
DA:11,1
DA:12,1
DA:13,1
DA:14,1
DA:15,1
DA:16,1
DA:17,1
DA:18,1
DA:19,1
DA:20,1
DA:21,1
DA:22,1
DA:23,1
DA:24,1
DA:25,1
DA:26,1
DA:27,1
DA:28,1
DA:29,1
DA:30,1
DA:31,1
DA:32,1
DA:33,1
DA:34,1
DA:35,1
DA:36,1
DA:37,1
DA:38,1
DA:39,1
DA:40,1
DA:41,1
DA:42,1
DA:43,1
DA:44,1
DA:45,1
DA:46,3
DA:47,3
DA:48,3
DA:49,2
DA:50,3
DA:51,1
DA:52,1
DA:53,1
DA:54,1
DA:55,3
DA:56,1
DA:57,1
DA:58,1
DA:59,1
DA:60,1
DA:61,7
DA:62,7
DA:63,7
DA:64,7
DA:65,2
DA:66,2
DA:67,2
DA:68,7
DA:69,7
DA:70,7
DA:71,7
DA:72,7
DA:73,7
DA:74,7
DA:75,1
DA:76,1
DA:77,1
DA:78,1
DA:79,1
DA:80,1
DA:81,1
DA:82,0
DA:83,0
DA:84,0
DA:85,0
DA:86,0
DA:87,0
DA:88,0
DA:89,0
DA:90,0
DA:91,0
DA:92,0
DA:93,0
DA:94,0
DA:95,0
DA:96,0
DA:97,0
DA:98,0
DA:99,0
DA:100,0
DA:101,0
DA:102,0
DA:103,0
DA:104,0
DA:105,0
DA:106,0
DA:107,1
DA:108,1
DA:109,0
DA:110,0
DA:111,0
DA:112,0
DA:113,0
DA:114,0
DA:115,0
DA:116,0
DA:117,0
DA:118,0
DA:119,0
DA:120,0
DA:121,1
DA:122,1
DA:123,1
DA:124,1
DA:125,1
DA:126,0
DA:127,0
DA:128,1
DA:129,1
DA:130,1
DA:131,1
DA:132,1
DA:133,1
DA:134,1
DA:135,1
DA:136,1
DA:137,1
DA:138,1
LF:138
LH:99
BRDA:42,0,0,1
BRDA:45,1,0,3
BRDA:48,2,0,2
BRDA:50,3,0,1
BRDA:59,4,0,1
BRDA:60,5,0,7
BRDA:64,6,0,2
BRDA:68,7,0,5
BRDA:61,8,0,13
BRF:9
BRH:9
end_of_record
TN:
SF:src/utilities.ts
FN:3,getDays
FN:15,getDateFromWeekDay
FNF:2
FNH:2
FNDA:1,getDays
FNDA:2,getDateFromWeekDay
DA:1,1
DA:2,1
DA:3,1
DA:4,1
DA:5,1
DA:6,1
DA:7,1
DA:8,1
DA:9,1
DA:10,1
DA:11,1
DA:12,1
DA:13,1
DA:14,1
DA:15,1
DA:16,2
DA:17,2
DA:18,2
DA:19,2
DA:20,0
DA:21,0
DA:22,2
DA:23,2
DA:24,2
DA:25,2
DA:26,2
DA:27,2
DA:28,2
DA:29,2
DA:30,2
DA:31,2
DA:32,2
DA:33,2
DA:34,2
DA:35,2
LF:35
LH:33
BRDA:3,0,0,1
BRDA:15,1,0,2
BRDA:19,2,0,0
BRDA:17,3,0,8
BRF:4
BRH:3
end_of_record
